<?xml version="1.0" encoding="UTF-8"?>
<testng-results skipped="0" failed="0" total="2" passed="2">
  <reporter-output>
  </reporter-output>
  <suite name="Default suite" duration-ms="13714" started-at="2021-01-28T10:38:08Z" finished-at="2021-01-28T10:38:22Z">
    <groups>
    </groups>
    <test name="Default test" duration-ms="13714" started-at="2021-01-28T10:38:08Z" finished-at="2021-01-28T10:38:22Z">
      <class name="Testcase.Homepage">
        <test-method status="PASS" signature="launchurl()[pri:1, instance:Testcase.Homepage@3f191845]" name="launchurl" duration-ms="4515" started-at="2021-01-28T16:08:08Z" finished-at="2021-01-28T16:08:13Z">
          <reporter-output>
          </reporter-output>
        </test-method> <!-- launchurl -->
        <test-method status="PASS" signature="click_oncalender()[pri:2, instance:Testcase.Homepage@3f191845]" name="click_oncalender" duration-ms="9136" started-at="2021-01-28T16:08:13Z" finished-at="2021-01-28T16:08:22Z">
          <reporter-output>
          </reporter-output>
        </test-method> <!-- click_oncalender -->
      </class> <!-- Testcase.Homepage -->
    </test> <!-- Default test -->
  </suite> <!-- Default suite -->
</testng-results>
