<?xml version="1.0" encoding="UTF-8"?>
<!-- Generated by org.testng.reporters.JUnitXMLReporter -->
<testsuite hostname="DESKTOP-DUB5UPV" name="Default test" tests="10" failures="0" timestamp="28 Jan 2021 01:37:47 GMT" time="11.505" errors="0">
  <testcase name="launchurl" time="4.741" classname="Testcase.Homepage"/>
  <testcase name="click_oncalender" time="1.008" classname="Testcase.Homepage"/>
  <testcase name="select_month" time="1.609" classname="Testcase.Homepage"/>
  <testcase name="click_ondate" time="0.232" classname="Testcase.Homepage"/>
  <testcase name="click_on_Secondcalender" time="0.22" classname="Testcase.Homepage"/>
  <testcase name="select_year" time="0.272" classname="Testcase.Homepage"/>
  <testcase name="select_month_secondcalender" time="0.823" classname="Testcase.Homepage"/>
  <testcase name="click_ondate_secondcalender" time="0.208" classname="Testcase.Homepage"/>
  <testcase name="click_calcutionduration" time="0.704" classname="Testcase.Homepage"/>
  <testcase name="verify_result" time="1.578" classname="Testcase.Homepage"/>
</testsuite> <!-- Default test -->
